<?xml version="1.0" encoding="UTF-8"?>
<testng-results skipped="0" failed="0" ignored="0" total="1" passed="1">
  <reporter-output>
  </reporter-output>
  <suite name="Default suite" duration-ms="47736" started-at="2022-06-14T11:38:45 IST" finished-at="2022-06-14T11:39:33 IST">
    <groups>
    </groups>
    <test name="Default test" duration-ms="47736" started-at="2022-06-14T11:38:45 IST" finished-at="2022-06-14T11:39:33 IST">
      <class name="com.automation.Example1">
        <test-method status="PASS" signature="test1()[pri:0, instance:com.automation.Example1@3891771e]" name="test1" duration-ms="47674" started-at="2022-06-14T11:38:45 IST" finished-at="2022-06-14T11:39:33 IST">
          <reporter-output>
          </reporter-output>
        </test-method> <!-- test1 -->
        <test-method status="PASS" signature="tearDown()[pri:0, instance:com.automation.Example1@3891771e]" name="tearDown" is-config="true" duration-ms="1" started-at="2022-06-14T11:39:33 IST" finished-at="2022-06-14T11:39:33 IST">
          <reporter-output>
          </reporter-output>
        </test-method> <!-- tearDown -->
      </class> <!-- com.automation.Example1 -->
    </test> <!-- Default test -->
  </suite> <!-- Default suite -->
</testng-results>
